{
  message: 'Persistence type not found Error: Persistence not found',
  level: 'error',
  timestamp: '2022-10-14T01:01:04.620Z'
}
{
  message: 'Persistence type not found Error: Persistence not found',
  level: 'error',
  timestamp: '2022-10-14T15:34:58.025Z'
}
{
  message: 'Persistence type not found Error: Persistence not found',
  level: 'error',
  timestamp: '2022-10-14T15:50:26.094Z'
}
{
  message: 'Persistence type not found Error: Persistence not found',
  level: 'error',
  timestamp: '2022-10-14T15:52:59.083Z'
}
{
  message: 'Persistence type not found Error: Persistence not found',
  level: 'error',
  timestamp: '2022-10-14T15:53:51.375Z'
}
{
  message: 'Persistence type not found Error: Persistence not found',
  level: 'error',
  timestamp: '2022-10-14T15:54:03.775Z'
}
{
  message: 'Persistence type not found Error: Persistence not found',
  level: 'error',
  timestamp: '2022-10-14T15:54:25.982Z'
}
{
  message: 'Persistence type not found Error: Persistence not found',
  level: 'error',
  timestamp: '2022-10-14T15:54:48.487Z'
}
{
  message: 'Persistence type not found Error: Persistence not found',
  level: 'error',
  timestamp: '2022-10-14T15:57:02.434Z'
}
{
  message: 'Persistence type not found Error: Persistence not found',
  level: 'error',
  timestamp: '2022-10-14T16:00:50.101Z'
}
{
  message: 'Persistence type not found Error: Persistence not found',
  level: 'error',
  timestamp: '2022-10-14T16:01:26.572Z'
}
{
  message: 'Persistence type not found Error: Persistence not found',
  level: 'error',
  timestamp: '2022-10-14T16:01:44.701Z'
}
{
  message: 'Persistence type not found Error: Persistence not found',
  level: 'error',
  timestamp: '2022-10-14T16:02:16.417Z'
}
{
  message: 'Persistence type not found Error: Persistence not found',
  level: 'error',
  timestamp: '2022-10-14T16:02:29.879Z'
}
{
  message: 'Persistence type not found Error: Persistence not found',
  level: 'error',
  timestamp: '2022-10-14T16:02:43.696Z'
}
{
  message: 'Persistence type not found Error: Persistence not found',
  level: 'error',
  timestamp: '2022-10-14T16:02:57.245Z'
}
{
  message: 'Persistence type not found Error: Persistence not found',
  level: 'error',
  timestamp: '2022-10-14T16:03:11.392Z'
}
{
  message: 'Persistence type not found Error: Persistence not found',
  level: 'error',
  timestamp: '2022-10-14T16:03:33.043Z'
}
{
  message: 'Persistence type not found Error: Persistence not found',
  level: 'error',
  timestamp: '2022-10-14T16:07:23.068Z'
}
{
  message: 'Persistence type not found Error: Persistence not found',
  level: 'error',
  timestamp: '2022-10-14T16:09:07.802Z'
}
{
  message: 'An error has occurred when sending the user registration email: cesar_b_03@outlook.com',
  level: 'error',
  timestamp: '2022-10-14T18:21:05.435Z'
}
{
  message: 'An error has occurred when sendinding a Whatsapp message',
  level: 'error',
  timestamp: '2022-10-14T18:21:06.531Z'
}
{
  message: 'An error has occurred when sending a SMS: cesar_b_03@outlook.com',
  level: 'error',
  timestamp: '2022-10-14T18:21:06.538Z'
}
